SF:lib\features\buddy_system\domain\buddy_position.dart
DA:2,1
DA:14,1
DA:17,1
DA:18,3
DA:19,3
DA:20,3
DA:22,0
DA:23,0
DA:27,1
DA:35,1
DA:36,3
DA:38,3
DA:41,4
DA:42,2
DA:43,3
DA:44,3
DA:45,3
DA:51,3
DA:52,3
LF:19
LH:17
end_of_record
SF:lib\features\payment\domain\payment_lock_service.dart
DA:10,2
DA:16,2
DA:17,4
DA:18,4
DA:21,1
DA:22,2
DA:24,3
DA:25,1
DA:26,2
DA:27,2
DA:30,2
DA:31,2
DA:32,4
DA:33,4
LF:14
LH:14
end_of_record
SF:lib\features\payment\domain\payment_lock_state.dart
DA:4,2
DA:9,2
DA:10,2
DA:11,2
DA:13,0
DA:14,0
LF:6
LH:4
end_of_record
SF:lib\features\profile\domain\user_profile.dart
DA:2,1
DA:16,0
DA:18,3
DA:20,1
DA:26,1
DA:27,1
DA:28,0
DA:29,1
DA:30,1
DA:31,1
DA:37,1
DA:38,2
DA:39,3
DA:40,3
DA:44,1
DA:46,2
DA:47,3
DA:51,1
DA:53,2
LF:19
LH:17
end_of_record
SF:lib\features\safety\domain\bracelet_lost_service.dart
DA:7,1
DA:12,2
DA:14,1
DA:15,1
DA:16,2
DA:17,1
DA:20,1
DA:21,2
DA:22,1
DA:25,1
DA:26,2
DA:28,2
DA:29,1
DA:32,3
DA:33,4
LF:15
LH:15
end_of_record
SF:lib\features\safety\domain\widmark_formula.dart
DA:10,1
DA:12,1
DA:14,1
DA:16,1
DA:21,1
DA:23,1
DA:25,1
DA:27,1
DA:34,1
DA:55,1
DA:61,1
DA:62,2
DA:65,2
DA:75,1
DA:76,1
DA:77,1
DA:81,4
DA:82,1
DA:84,1
DA:86,1
DA:90,1
DA:94,1
LF:22
LH:22
end_of_record
